<?xml version="1.0" encoding="UTF-8"?>
<!-- Generated by org.testng.reporters.JUnitXMLReporter -->
<testsuite hostname="DESKTOP-8FKRNGE" ignored="1" name="NegativeUsernameTests" tests="1" failures="0" timestamp="06 Jul 2022 08:14:27 GMT" time="13.502" errors="0">
  <testcase name="negativeLoginTest" time="8.386" classname="com.herokuapp.com.LoginTests"/>
  <testcase name="positiveLoginTest" time="0.0" classname="com.herokuapp.com.LoginTests">
    <ignored/>
  </testcase> <!-- positiveLoginTest -->
</testsuite> <!-- NegativeUsernameTests -->
