<?xml version="1.0" encoding="UTF-8"?>
<!-- Generated by org.testng.reporters.JUnitXMLReporter -->
<testsuite hostname="DESKTOP-8FKRNGE" ignored="1" name="NegativePasswordTests" tests="1" failures="0" timestamp="06 Jul 2022 08:14:40 GMT" time="13.894" errors="0">
  <testcase name="negativeLoginTest" time="8.77" classname="com.herokuapp.com.LoginTests"/>
  <testcase name="positiveLoginTest" time="0.0" classname="com.herokuapp.com.LoginTests">
    <ignored/>
  </testcase> <!-- positiveLoginTest -->
</testsuite> <!-- NegativePasswordTests -->
