<?xml version="1.0" encoding="UTF-8"?>
<!-- Generated by org.testng.reporters.JUnitXMLReporter -->
<testsuite hostname="DESKTOP-8FKRNGE" ignored="1" name="PositiveTests" tests="1" failures="0" timestamp="06 Jul 2022 08:14:13 GMT" time="17.827" errors="0">
  <testcase name="positiveLoginTest" time="10.907" classname="com.herokuapp.com.LoginTests"/>
  <testcase name="negativeLoginTest" time="0.0" classname="com.herokuapp.com.LoginTests">
    <ignored/>
  </testcase> <!-- negativeLoginTest -->
</testsuite> <!-- PositiveTests -->
