<?xml version="1.0" encoding="UTF-8"?>
<testng-results ignored="0" total="1" passed="1" failed="0" skipped="0">
  <reporter-output>
  </reporter-output>
  <suite started-at="2022-06-29T09:06:36Z" name="Surefire suite" finished-at="2022-06-29T09:06:57Z" duration-ms="20688">
    <groups>
    </groups>
    <test started-at="2022-06-29T09:06:36Z" name="Surefire test" finished-at="2022-06-29T09:06:57Z" duration-ms="20688">
      <class name="com.herokuapp.com.PositiveTests">
        <test-method signature="loginTest()[pri:0, instance:com.herokuapp.com.PositiveTests@489115ef]" started-at="2022-06-29T09:06:36Z" name="loginTest" finished-at="2022-06-29T09:06:57Z" duration-ms="20670" status="PASS">
          <reporter-output>
          </reporter-output>
        </test-method> <!-- loginTest -->
      </class> <!-- com.herokuapp.com.PositiveTests -->
    </test> <!-- Surefire test -->
  </suite> <!-- Surefire suite -->
</testng-results>
