<?xml version="1.0" encoding="UTF-8"?>
<!-- Generated by org.testng.reporters.JUnitXMLReporter -->
<testsuite hostname="DESKTOP-8FKRNGE" ignored="2" name="Exceptions Test" tests="1" failures="0" timestamp="06 Jul 2022 17:29:57 GMT" time="16.344" errors="0">
  <testcase name="noSuchElementTest" time="9.106" classname="com.herokuapp.com.ExceptionsTests"/>
  <testcase name="timeoutTest" time="0.0" classname="com.herokuapp.com.ExceptionsTests">
    <ignored/>
  </testcase> <!-- timeoutTest -->
  <testcase name="notVisibleTest" time="0.0" classname="com.herokuapp.com.ExceptionsTests">
    <ignored/>
  </testcase> <!-- notVisibleTest -->
</testsuite> <!-- Exceptions Test -->
