<?xml version="1.0" encoding="UTF-8"?>
<!-- Generated by org.testng.reporters.JUnitXMLReporter -->
<testsuite hostname="DESKTOP-8FKRNGE" ignored="4" name="Stale Element Test" tests="1" failures="0" timestamp="07 Jul 2022 06:46:05 GMT" time="16.195" errors="0">
  <testcase name="disableElementTest" time="9.171" classname="com.herokuapp.com.ExceptionsTests"/>
  <testcase name="timeoutTest" time="0.0" classname="com.herokuapp.com.ExceptionsTests">
    <ignored/>
  </testcase> <!-- timeoutTest -->
  <testcase name="noSuchElementTest" time="0.0" classname="com.herokuapp.com.ExceptionsTests">
    <ignored/>
  </testcase> <!-- noSuchElementTest -->
  <testcase name="notVisibleTest" time="0.0" classname="com.herokuapp.com.ExceptionsTests">
    <ignored/>
  </testcase> <!-- notVisibleTest -->
  <testcase name="staleElementTest" time="0.0" classname="com.herokuapp.com.ExceptionsTests">
    <ignored/>
  </testcase> <!-- staleElementTest -->
</testsuite> <!-- Stale Element Test -->
